0 info it worked if it ends with ok
1 verbose cli [ '/usr/bin/node', '/usr/bin/npm', 'version', 'optimist' ]
2 info using npm@1.2.18
3 info using node@v0.10.4
4 verbose node symlink /usr/bin/node
5 error version Bad package.json data
6 error SyntaxError: Unexpected token
6 error
6 error     at Object.parse (native)
6 error     at /usr/lib/node_modules/npm/lib/version.js:49:19
6 error     at fs.js:266:14
6 error     at Object.oncomplete (fs.js:107:15)
7 error If you need help, you may report this log at:
7 error     <http://github.com/isaacs/npm/issues>
7 error or email it to:
7 error     <npm-@googlegroups.com>
8 error System Linux 3.8.0-26-generic
9 error command "/usr/bin/node" "/usr/bin/npm" "version" "optimist"
10 error cwd /home/ht/Documents/Projects/incodoc
11 error node -v v0.10.4
12 error npm -v 1.2.18
13 error type unexpected_token
14 verbose exit [ 1, true ]
